  stdafx.cpp
  Animation.cpp
  Application.cpp
  Background.cpp
  Bridge.cpp
  Coin.cpp
  Console.cpp
  GameScene.cpp
D:\20511송호준 소전\s\sosujuengong\2020GamePrograming\게임 예제\Engine\Engine\Object.h(53,11): warning C4244: '=': 'PX'에서 'FLOAT'(으)로 변환하면서 데이터가 손실될 수 있습니다.
          with
          [
              PX=int
          ]
D:\20511송호준 소전\s\sosujuengong\2020GamePrograming\게임 예제\Engine\Engine\GameScene.cpp(16): message : 컴파일되는 함수 템플릿 인스턴스화 'void Object::setPos<int,int>(PX,PY)'에 대한 참조를 확인하세요.
          with
          [
              PX=int,
              PY=int
          ]
D:\20511송호준 소전\s\sosujuengong\2020GamePrograming\게임 예제\Engine\Engine\Object.h(54,11): warning C4244: '=': 'PY'에서 'FLOAT'(으)로 변환하면서 데이터가 손실될 수 있습니다.
          with
          [
              PY=int
          ]
  InputManager.cpp
D:\20511송호준 소전\s\sosujuengong\2020GamePrograming\게임 예제\Engine\Engine\InputManager.cpp(43,27): warning C4244: '인수': 'LONG'에서 'FLOAT'(으)로 변환하면서 데이터가 손실될 수 있습니다.
D:\20511송호준 소전\s\sosujuengong\2020GamePrograming\게임 예제\Engine\Engine\InputManager.cpp(43,22): warning C4244: '인수': 'LONG'에서 'FLOAT'(으)로 변환하면서 데이터가 손실될 수 있습니다.
  main.cpp
  MainScene.cpp
D:\20511송호준 소전\s\sosujuengong\2020GamePrograming\게임 예제\Engine\Engine\Object.h(53,11): warning C4244: '=': 'PX'에서 'FLOAT'(으)로 변환하면서 데이터가 손실될 수 있습니다.
          with
          [
              PX=int
          ]
D:\20511송호준 소전\s\sosujuengong\2020GamePrograming\게임 예제\Engine\Engine\MainScene.cpp(7): message : 컴파일되는 함수 템플릿 인스턴스화 'void Object::setPos<int,int>(PX,PY)'에 대한 참조를 확인하세요.
          with
          [
              PX=int,
              PY=int
          ]
D:\20511송호준 소전\s\sosujuengong\2020GamePrograming\게임 예제\Engine\Engine\Object.h(54,11): warning C4244: '=': 'PY'에서 'FLOAT'(으)로 변환하면서 데이터가 손실될 수 있습니다.
          with
          [
              PY=int
          ]
  Number.cpp
  Object.cpp
D:\20511송호준 소전\s\sosujuengong\2020GamePrograming\게임 예제\Engine\Engine\Object.cpp(59,18): warning C4244: '+=': 'FLOAT'에서 'LONG'(으)로 변환하면서 데이터가 손실될 수 있습니다.
D:\20511송호준 소전\s\sosujuengong\2020GamePrograming\게임 예제\Engine\Engine\Object.cpp(60,19): warning C4244: '+=': 'FLOAT'에서 'LONG'(으)로 변환하면서 데이터가 손실될 수 있습니다.
D:\20511송호준 소전\s\sosujuengong\2020GamePrograming\게임 예제\Engine\Engine\Object.cpp(61,17): warning C4244: '+=': 'FLOAT'에서 'LONG'(으)로 변환하면서 데이터가 손실될 수 있습니다.
D:\20511송호준 소전\s\sosujuengong\2020GamePrograming\게임 예제\Engine\Engine\Object.cpp(62,20): warning C4244: '+=': 'FLOAT'에서 'LONG'(으)로 변환하면서 데이터가 손실될 수 있습니다.
D:\20511송호준 소전\s\sosujuengong\2020GamePrograming\게임 예제\Engine\Engine\Object.cpp(64,30): warning C4244: '+=': 'float'에서 'LONG'(으)로 변환하면서 데이터가 손실될 수 있습니다.
D:\20511송호준 소전\s\sosujuengong\2020GamePrograming\게임 예제\Engine\Engine\Object.cpp(65,31): warning C4244: '+=': 'float'에서 'LONG'(으)로 변환하면서 데이터가 손실될 수 있습니다.
D:\20511송호준 소전\s\sosujuengong\2020GamePrograming\게임 예제\Engine\Engine\Object.cpp(66,29): warning C4244: '+=': 'float'에서 'LONG'(으)로 변환하면서 데이터가 손실될 수 있습니다.
D:\20511송호준 소전\s\sosujuengong\2020GamePrograming\게임 예제\Engine\Engine\Object.cpp(67,32): warning C4244: '+=': 'float'에서 'LONG'(으)로 변환하면서 데이터가 손실될 수 있습니다.
  Obstacle.cpp
  Player.cpp
D:\20511송호준 소전\s\sosujuengong\2020GamePrograming\게임 예제\Engine\Engine\Player.cpp(7,15): warning C4305: '=': 'double'에서 'float'(으)로 잘립니다.
D:\20511송호준 소전\s\sosujuengong\2020GamePrograming\게임 예제\Engine\Engine\Object.h(54,11): warning C4244: '=': 'PY'에서 'FLOAT'(으)로 변환하면서 데이터가 손실될 수 있습니다.
          with
          [
              PY=int
          ]
D:\20511송호준 소전\s\sosujuengong\2020GamePrograming\게임 예제\Engine\Engine\Player.cpp(41): message : 컴파일되는 함수 템플릿 인스턴스화 'void Object::setPos<float,int>(PX,PY)'에 대한 참조를 확인하세요.
          with
          [
              PX=float,
              PY=int
          ]
  Scene.cpp
  SceneManager.cpp
  SoundManager.cpp
D:\20511송호준 소전\s\sosujuengong\2020GamePrograming\게임 예제\Engine\Engine\SoundManager.cpp(49,5): warning C4996: 'mbstowcs': This function or variable may be unsafe. Consider using mbstowcs_s instead. To disable deprecation, use _CRT_SECURE_NO_WARNINGS. See online help for details.
  Sprite.cpp
  TextureManager.cpp
LINK : fatal error LNK1181: 'd3dx9.lib' 입력 파일을 열 수 없습니다.
