  stdafx.cpp
  Animation.cpp
  Application.cpp
  Background.cpp
  Bridge.cpp
  Coin.cpp
C:\Users\Sunrin\Documents\GitHub\sosujuengong\gameproject\Engine\Object.h(60,13): warning C4244: '=': 'SX'에서 'FLOAT'(으)로 변환하면서 데이터가 손실될 수 있습니다.
          with
          [
              SX=double
          ]
C:\Users\Sunrin\Documents\GitHub\sosujuengong\gameproject\Engine\Coin.cpp(22): message : 컴파일되는 함수 템플릿 인스턴스화 'void Object::setScale<double,double>(SX,SY)'에 대한 참조를 확인하세요.
          with
          [
              SX=double,
              SY=double
          ]
C:\Users\Sunrin\Documents\GitHub\sosujuengong\gameproject\Engine\Object.h(61,13): warning C4244: '=': 'SY'에서 'FLOAT'(으)로 변환하면서 데이터가 손실될 수 있습니다.
          with
          [
              SY=double
          ]
  Console.cpp
  GameScene.cpp
C:\Users\Sunrin\Documents\GitHub\sosujuengong\gameproject\Engine\GameScene.cpp(51,31): warning C4244: '=': 'LONG'에서 'float'(으)로 변환하면서 데이터가 손실될 수 있습니다.
C:\Users\Sunrin\Documents\GitHub\sosujuengong\gameproject\Engine\GameScene.cpp(271,35): warning C4244: '=': 'int'에서 'float'(으)로 변환하면서 데이터가 손실될 수 있습니다.
C:\Users\Sunrin\Documents\GitHub\sosujuengong\gameproject\Engine\GameScene.cpp(321,32): warning C4244: '=': 'int'에서 'float'(으)로 변환하면서 데이터가 손실될 수 있습니다.
C:\Users\Sunrin\Documents\GitHub\sosujuengong\gameproject\Engine\Object.h(60,13): warning C4244: '=': 'SX'에서 'FLOAT'(으)로 변환하면서 데이터가 손실될 수 있습니다.
          with
          [
              SX=int
          ]
C:\Users\Sunrin\Documents\GitHub\sosujuengong\gameproject\Engine\GameScene.cpp(18): message : 컴파일되는 함수 템플릿 인스턴스화 'void Object::setScale<int,int>(SX,SY)'에 대한 참조를 확인하세요.
          with
          [
              SX=int,
              SY=int
          ]
C:\Users\Sunrin\Documents\GitHub\sosujuengong\gameproject\Engine\Object.h(61,13): warning C4244: '=': 'SY'에서 'FLOAT'(으)로 변환하면서 데이터가 손실될 수 있습니다.
          with
          [
              SY=int
          ]
C:\Users\Sunrin\Documents\GitHub\sosujuengong\gameproject\Engine\Object.h(54,11): warning C4244: '=': 'PX'에서 'FLOAT'(으)로 변환하면서 데이터가 손실될 수 있습니다.
          with
          [
              PX=int
          ]
C:\Users\Sunrin\Documents\GitHub\sosujuengong\gameproject\Engine\GameScene.cpp(19): message : 컴파일되는 함수 템플릿 인스턴스화 'void Object::setPos<int,int>(PX,PY)'에 대한 참조를 확인하세요.
          with
          [
              PX=int,
              PY=int
          ]
C:\Users\Sunrin\Documents\GitHub\sosujuengong\gameproject\Engine\Object.h(55,11): warning C4244: '=': 'PY'에서 'FLOAT'(으)로 변환하면서 데이터가 손실될 수 있습니다.
          with
          [
              PY=int
          ]
C:\Users\Sunrin\Documents\GitHub\sosujuengong\gameproject\Engine\Object.h(60,13): warning C4244: '=': 'SX'에서 'FLOAT'(으)로 변환하면서 데이터가 손실될 수 있습니다.
          with
          [
              SX=double
          ]
C:\Users\Sunrin\Documents\GitHub\sosujuengong\gameproject\Engine\GameScene.cpp(49): message : 컴파일되는 함수 템플릿 인스턴스화 'void Object::setScale<double,double>(SX,SY)'에 대한 참조를 확인하세요.
          with
          [
              SX=double,
              SY=double
          ]
C:\Users\Sunrin\Documents\GitHub\sosujuengong\gameproject\Engine\Object.h(61,13): warning C4244: '=': 'SY'에서 'FLOAT'(으)로 변환하면서 데이터가 손실될 수 있습니다.
          with
          [
              SY=double
          ]
  Heal.cpp
C:\Users\Sunrin\Documents\GitHub\sosujuengong\gameproject\Engine\Object.h(60,13): warning C4244: '=': 'SX'에서 'FLOAT'(으)로 변환하면서 데이터가 손실될 수 있습니다.
          with
          [
              SX=int
          ]
C:\Users\Sunrin\Documents\GitHub\sosujuengong\gameproject\Engine\Heal.cpp(6): message : 컴파일되는 함수 템플릿 인스턴스화 'void Object::setScale<int,int>(SX,SY)'에 대한 참조를 확인하세요.
          with
          [
              SX=int,
              SY=int
          ]
C:\Users\Sunrin\Documents\GitHub\sosujuengong\gameproject\Engine\Object.h(61,13): warning C4244: '=': 'SY'에서 'FLOAT'(으)로 변환하면서 데이터가 손실될 수 있습니다.
          with
          [
              SY=int
          ]
  InputManager.cpp
C:\Users\Sunrin\Documents\GitHub\sosujuengong\gameproject\Engine\InputManager.cpp(43,27): warning C4244: '인수': 'LONG'에서 'FLOAT'(으)로 변환하면서 데이터가 손실될 수 있습니다.
C:\Users\Sunrin\Documents\GitHub\sosujuengong\gameproject\Engine\InputManager.cpp(43,22): warning C4244: '인수': 'LONG'에서 'FLOAT'(으)로 변환하면서 데이터가 손실될 수 있습니다.
  main.cpp
  MainScene.cpp
C:\Users\Sunrin\Documents\GitHub\sosujuengong\gameproject\Engine\Object.h(54,11): warning C4244: '=': 'PX'에서 'FLOAT'(으)로 변환하면서 데이터가 손실될 수 있습니다.
          with
          [
              PX=int
          ]
C:\Users\Sunrin\Documents\GitHub\sosujuengong\gameproject\Engine\MainScene.cpp(7): message : 컴파일되는 함수 템플릿 인스턴스화 'void Object::setPos<int,int>(PX,PY)'에 대한 참조를 확인하세요.
          with
          [
              PX=int,
              PY=int
          ]
C:\Users\Sunrin\Documents\GitHub\sosujuengong\gameproject\Engine\Object.h(55,11): warning C4244: '=': 'PY'에서 'FLOAT'(으)로 변환하면서 데이터가 손실될 수 있습니다.
          with
          [
              PY=int
          ]
  Number.cpp
  Object.cpp
C:\Users\Sunrin\Documents\GitHub\sosujuengong\gameproject\Engine\Object.cpp(59,18): warning C4244: '+=': 'FLOAT'에서 'LONG'(으)로 변환하면서 데이터가 손실될 수 있습니다.
C:\Users\Sunrin\Documents\GitHub\sosujuengong\gameproject\Engine\Object.cpp(60,19): warning C4244: '+=': 'FLOAT'에서 'LONG'(으)로 변환하면서 데이터가 손실될 수 있습니다.
C:\Users\Sunrin\Documents\GitHub\sosujuengong\gameproject\Engine\Object.cpp(61,17): warning C4244: '+=': 'FLOAT'에서 'LONG'(으)로 변환하면서 데이터가 손실될 수 있습니다.
C:\Users\Sunrin\Documents\GitHub\sosujuengong\gameproject\Engine\Object.cpp(62,20): warning C4244: '+=': 'FLOAT'에서 'LONG'(으)로 변환하면서 데이터가 손실될 수 있습니다.
C:\Users\Sunrin\Documents\GitHub\sosujuengong\gameproject\Engine\Object.cpp(64,30): warning C4244: '+=': 'float'에서 'LONG'(으)로 변환하면서 데이터가 손실될 수 있습니다.
C:\Users\Sunrin\Documents\GitHub\sosujuengong\gameproject\Engine\Object.cpp(65,31): warning C4244: '+=': 'float'에서 'LONG'(으)로 변환하면서 데이터가 손실될 수 있습니다.
C:\Users\Sunrin\Documents\GitHub\sosujuengong\gameproject\Engine\Object.cpp(66,29): warning C4244: '+=': 'float'에서 'LONG'(으)로 변환하면서 데이터가 손실될 수 있습니다.
C:\Users\Sunrin\Documents\GitHub\sosujuengong\gameproject\Engine\Object.cpp(67,32): warning C4244: '+=': 'float'에서 'LONG'(으)로 변환하면서 데이터가 손실될 수 있습니다.
C:\Users\Sunrin\Documents\GitHub\sosujuengong\gameproject\Engine\Object.cpp(76,18): warning C4244: '+=': 'FLOAT'에서 'LONG'(으)로 변환하면서 데이터가 손실될 수 있습니다.
C:\Users\Sunrin\Documents\GitHub\sosujuengong\gameproject\Engine\Object.cpp(77,19): warning C4244: '+=': 'FLOAT'에서 'LONG'(으)로 변환하면서 데이터가 손실될 수 있습니다.
C:\Users\Sunrin\Documents\GitHub\sosujuengong\gameproject\Engine\Object.cpp(79,30): warning C4244: '+=': 'float'에서 'LONG'(으)로 변환하면서 데이터가 손실될 수 있습니다.
C:\Users\Sunrin\Documents\GitHub\sosujuengong\gameproject\Engine\Object.cpp(80,31): warning C4244: '+=': 'float'에서 'LONG'(으)로 변환하면서 데이터가 손실될 수 있습니다.
  Obstacle.cpp
  Player.cpp
C:\Users\Sunrin\Documents\GitHub\sosujuengong\gameproject\Engine\Object.h(54,11): warning C4244: '=': 'PX'에서 'FLOAT'(으)로 변환하면서 데이터가 손실될 수 있습니다.
          with
          [
              PX=int
          ]
C:\Users\Sunrin\Documents\GitHub\sosujuengong\gameproject\Engine\Player.cpp(27): message : 컴파일되는 함수 템플릿 인스턴스화 'void Object::setPos<int,int>(PX,PY)'에 대한 참조를 확인하세요.
          with
          [
              PX=int,
              PY=int
          ]
C:\Users\Sunrin\Documents\GitHub\sosujuengong\gameproject\Engine\Object.h(55,11): warning C4244: '=': 'PY'에서 'FLOAT'(으)로 변환하면서 데이터가 손실될 수 있습니다.
          with
          [
              PY=int
          ]
C:\Users\Sunrin\Documents\GitHub\sosujuengong\gameproject\Engine\Object.h(60,13): warning C4244: '=': 'SX'에서 'FLOAT'(으)로 변환하면서 데이터가 손실될 수 있습니다.
          with
          [
              SX=int
          ]
C:\Users\Sunrin\Documents\GitHub\sosujuengong\gameproject\Engine\Player.cpp(94): message : 컴파일되는 함수 템플릿 인스턴스화 'void Object::setScale<int,int>(SX,SY)'에 대한 참조를 확인하세요.
          with
          [
              SX=int,
              SY=int
          ]
C:\Users\Sunrin\Documents\GitHub\sosujuengong\gameproject\Engine\Object.h(61,13): warning C4244: '=': 'SY'에서 'FLOAT'(으)로 변환하면서 데이터가 손실될 수 있습니다.
          with
          [
              SY=int
          ]
  Scene.cpp
  SceneManager.cpp
  Sprite.cpp
  TextureManager.cpp
  코드를 생성하고 있습니다.
  648 of 652 functions (99.4%) were compiled, the rest were copied from previous compilation.
    0 functions were new in current compilation
    1 functions had inline decision re-evaluated but remain unchanged
  코드를 생성했습니다.
  Engine.vcxproj -> C:\Users\Sunrin\Documents\GitHub\sosujuengong\gameproject\Release\Engine.exe
